2021-07-25 18:08:09,107 : INFO : test_e2e : iphone X
2021-07-25 18:08:09,185 : INFO : test_e2e : Samsung Note 8
2021-07-25 18:08:09,207 : INFO : test_e2e : Nokia Edge
2021-07-25 18:08:09,227 : INFO : test_e2e : Blackberry
2021-07-25 18:08:09,435 : INFO : getCountryName : Entering country name as Ge
2021-07-25 18:08:16,415 : INFO : test_e2e : ×
Success! Thank you! Your order will be delivered in next few weeks :-).
2021-07-25 18:08:41,508 : INFO : test_homePage : ×
Success! The Form has been submitted successfully!.
2021-07-25 18:08:42,153 : INFO : test_homePage : ×
Success! The Form has been submitted successfully!.
2021-07-25 18:08:42,153 : INFO : test_homePage : ×
Success! The Form has been submitted successfully!.
2021-07-25 23:22:35,508 : INFO : test_e2e : Getting all the product titles
2021-07-25 23:22:35,588 : INFO : test_e2e : iphone X
2021-07-25 23:22:35,653 : INFO : test_e2e : Samsung Note 8
2021-07-25 23:22:35,674 : INFO : test_e2e : Nokia Edge
2021-07-25 23:22:35,695 : INFO : test_e2e : Blackberry
2021-07-25 23:22:36,176 : INFO : getCountryName : Entering country name as Ge
2021-07-25 23:22:41,908 : INFO : test_e2e : ×
Success! Thank you! Your order will be delivered in next few weeks :-).
2021-07-25 23:23:15,098 : INFO : test_homePage : Entered name isKillerbeeand Email iskiller@gmail.com
2021-07-25 23:23:15,713 : INFO : test_homePage : ×
Success! The Form has been submitted successfully!.
2021-07-25 23:23:15,890 : INFO : test_homePage : Entered name isRustyand Email isrustyboi@gmail.com
2021-07-25 23:23:15,890 : INFO : test_homePage : Entered name isRustyand Email isrustyboi@gmail.com
2021-07-25 23:23:16,347 : INFO : test_homePage : ×
Success! The Form has been submitted successfully!.
2021-07-25 23:23:16,347 : INFO : test_homePage : ×
Success! The Form has been submitted successfully!.
2021-07-25 23:32:48,773 : INFO : test_e2e : Getting all the product titles
2021-07-25 23:32:48,823 : INFO : test_e2e : iphone X
2021-07-25 23:32:48,888 : INFO : test_e2e : Samsung Note 8
2021-07-25 23:32:48,909 : INFO : test_e2e : Nokia Edge
2021-07-25 23:32:48,930 : INFO : test_e2e : Blackberry
2021-07-25 23:32:49,252 : INFO : getCountryName : Entering country name as Ge
2021-07-25 23:32:55,009 : INFO : test_e2e : ×
Success! Thank you! Your order will be delivered in next few weeks :-).
2021-07-25 23:33:23,069 : INFO : test_homePage : Entered name is Killerbee and Email is killer@gmail.com
2021-07-25 23:33:23,576 : INFO : test_homePage : ×
Success! The Form has been submitted successfully!.
2021-07-25 23:33:24,043 : INFO : test_homePage : Entered name is Rusty and Email is rustyboi@gmail.com
2021-07-25 23:33:24,043 : INFO : test_homePage : Entered name is Rusty and Email is rustyboi@gmail.com
2021-07-25 23:33:24,486 : INFO : test_homePage : ×
Success! The Form has been submitted successfully!.
2021-07-25 23:33:24,486 : INFO : test_homePage : ×
Success! The Form has been submitted successfully!.
2021-07-25 23:59:57,297 : INFO : test_e2e : Getting all the product titles
2021-07-25 23:59:57,336 : INFO : test_e2e : iphone X
2021-07-25 23:59:57,412 : INFO : test_e2e : Samsung Note 8
2021-07-25 23:59:57,435 : INFO : test_e2e : Nokia Edge
2021-07-25 23:59:57,456 : INFO : test_e2e : Blackberry
2021-07-25 23:59:58,011 : INFO : getCountryName : Entering country name as Ge
2021-07-26 00:00:42,320 : INFO : test_homePage : Entered name is Killerbee and Email is killer@gmail.com
2021-07-26 00:00:43,080 : INFO : test_homePage : ×
Success! The Form has been submitted successfully!.
2021-07-26 00:00:43,275 : INFO : test_homePage : Entered name is Rusty and Email is rustyboi@gmail.com
2021-07-26 00:00:43,275 : INFO : test_homePage : Entered name is Rusty and Email is rustyboi@gmail.com
2021-07-26 00:00:43,723 : INFO : test_homePage : ×
Success! The Form has been submitted successfully!.
2021-07-26 00:00:43,723 : INFO : test_homePage : ×
Success! The Form has been submitted successfully!.
2021-07-26 09:11:38,865 : INFO : test_homePage : Entered name is Killerbee and Email is killer@gmail.com
2021-07-26 09:11:39,478 : INFO : test_homePage : ×
Success! The Form has been submitted successfully!.
2021-07-26 09:11:39,725 : INFO : test_homePage : Entered name is Rusty and Email is rustyboi@gmail.com
2021-07-26 09:11:39,725 : INFO : test_homePage : Entered name is Rusty and Email is rustyboi@gmail.com
2021-07-26 09:11:40,182 : INFO : test_homePage : ×
Success! The Form has been submitted successfully!.
2021-07-26 09:11:40,182 : INFO : test_homePage : ×
Success! The Form has been submitted successfully!.
2021-07-26 09:31:55,469 : INFO : test_e2e : Getting all the product titles
2021-07-26 09:31:56,928 : INFO : test_e2e : iphone X
2021-07-26 09:31:57,433 : INFO : test_e2e : Samsung Note 8
2021-07-26 09:31:57,524 : INFO : test_e2e : Nokia Edge
2021-07-26 09:31:57,555 : INFO : test_e2e : Blackberry
2021-07-26 09:31:57,963 : INFO : getCountryName : Entering country name as Ge
2021-07-26 09:32:03,936 : INFO : test_e2e : Received success text is ×
Success! Thank you! Your order will be delivered in next few weeks :-).
2021-07-27 00:01:09,588 : INFO : test_e2e : Getting all the product titles
2021-07-27 00:01:09,681 : INFO : test_e2e : iphone X
2021-07-27 00:01:09,777 : INFO : test_e2e : Samsung Note 8
2021-07-27 00:01:09,801 : INFO : test_e2e : Nokia Edge
2021-07-27 00:01:09,823 : INFO : test_e2e : Blackberry
2021-07-27 00:01:10,099 : INFO : getCountryName : Entering country name as Ge
2021-07-27 00:01:16,018 : INFO : test_e2e : Received success text is ×
Success! Thank you! Your order will be delivered in next few weeks :-).
2021-07-27 00:01:30,674 : INFO : test_homePage : Entered name is Killerbee and Email is killer@gmail.com
2021-07-27 00:01:31,181 : INFO : test_homePage : ×
Success! The Form has been submitted successfully!.
2021-07-27 00:01:31,390 : INFO : test_homePage : Entered name is Rusty and Email is rustyboi@gmail.com
2021-07-27 00:01:31,390 : INFO : test_homePage : Entered name is Rusty and Email is rustyboi@gmail.com
2021-07-27 00:01:31,837 : INFO : test_homePage : ×
Success! The Form has been submitted successfully!.
2021-07-27 00:01:31,837 : INFO : test_homePage : ×
Success! The Form has been submitted successfully!.
2021-07-27 00:03:02,769 : INFO : test_e2e : Getting all the product titles
2021-07-27 00:03:02,810 : INFO : test_e2e : iphone X
2021-07-27 00:03:02,880 : INFO : test_e2e : Samsung Note 8
2021-07-27 00:03:02,904 : INFO : test_e2e : Nokia Edge
2021-07-27 00:03:02,925 : INFO : test_e2e : Blackberry
2021-07-27 00:03:03,126 : INFO : getCountryName : Entering country name as Ge
2021-07-27 00:03:08,957 : INFO : test_e2e : Received success text is ×
Success! Thank you! Your order will be delivered in next few weeks :-).
2021-07-27 00:03:23,562 : INFO : test_homePage : Entered name is Killerbee and Email is killer@gmail.com
2021-07-27 00:03:24,076 : INFO : test_homePage : ×
Success! The Form has been submitted successfully!.
2021-07-27 00:03:24,270 : INFO : test_homePage : Entered name is Rusty and Email is rustyboi@gmail.com
2021-07-27 00:03:24,270 : INFO : test_homePage : Entered name is Rusty and Email is rustyboi@gmail.com
2021-07-27 00:03:24,720 : INFO : test_homePage : ×
Success! The Form has been submitted successfully!.
2021-07-27 00:03:24,720 : INFO : test_homePage : ×
Success! The Form has been submitted successfully!.
